<?xml version="1.0" encoding="UTF-8"?>
<testsuite xmlns:xsi="http://www.w3.org/2001/XMLSchema-instance" xsi:noNamespaceSchemaLocation="https://maven.apache.org/surefire/maven-surefire-plugin/xsd/surefire-test-report-3.0.xsd" version="3.0" name="com.helios.api.HeliosApiApplicationTests" time="14.451" tests="2" errors="0" skipped="0" failures="0">
  <properties>
[...]
</properties>
  <testcase name="contextLoads" classname="com.helios.api.HeliosApiApplicationTests" time="0.727">
    <system-out><![CDATA[10:57:39.604 [main] INFO org.springframework.test.context.support.AnnotationConfigContextLoaderUtils -- Could not detect default configuration classes for test class [com.helios.api.HeliosApiApplicationTests]: HeliosApiApplicationTests does not declare any static, non-private, non-final, nested classes annotated with @Configuration.
10:57:39.945 [main] INFO org.springframework.boot.test.context.SpringBootTestContextBootstrapper -- Found @SpringBootConfiguration com.helios.api.HeliosApiApplication for test class com.helios.api.HeliosApiApplicationTests

  .   ____          _            __ _ _
 /\\ / ___'_ __ _ _(_)_ __  __ _ \ \ \ \
( ( )\___ | '_ | '_| | '_ \/ _` | \ \ \ \
 \\/  ___)| |_)| | | | | || (_| |  ) ) ) )
  '  |____| .__|_| |_|_| |_\__, | / / / /
 =========|_|==============|___/=/_/_/_/
 :: Spring Boot ::                (v3.1.3)

2024-04-18T10:57:40.854+05:30  INFO 19184 --- [           main] c.helios.api.HeliosApiApplicationTests   : Starting HeliosApiApplicationTests using Java 20.0.1 with PID 19184 (started by WRECKER in D:\ICBT\Assignments\Applications\Helios\helios-api)
2024-04-18T10:57:40.856+05:30  INFO 19184 --- [           main] c.helios.api.HeliosApiApplicationTests   : No active profile set, falling back to 1 default profile: "default"
2024-04-18T10:57:42.053+05:30  INFO 19184 --- [           main] .s.d.r.c.RepositoryConfigurationDelegate : Bootstrapping Spring Data JPA repositories in DEFAULT mode.
2024-04-18T10:57:42.164+05:30  INFO 19184 --- [           main] .s.d.r.c.RepositoryConfigurationDelegate : Finished Spring Data repository scanning in 99 ms. Found 7 JPA repository interfaces.
2024-04-18T10:57:43.047+05:30  INFO 19184 --- [           main] o.hibernate.jpa.internal.util.LogHelper  : HHH000204: Processing PersistenceUnitInfo [name: default]
2024-04-18T10:57:43.117+05:30  INFO 19184 --- [           main] org.hibernate.Version                    : HHH000412: Hibernate ORM core version 6.2.7.Final
2024-04-18T10:57:43.119+05:30  INFO 19184 --- [           main] org.hibernate.cfg.Environment            : HHH000406: Using bytecode reflection optimizer
2024-04-18T10:57:43.389+05:30  INFO 19184 --- [           main] o.h.b.i.BytecodeProviderInitiator        : HHH000021: Bytecode provider name : bytebuddy
2024-04-18T10:57:43.643+05:30  INFO 19184 --- [           main] o.s.o.j.p.SpringPersistenceUnitInfo      : No LoadTimeWeaver setup: ignoring JPA class transformer
2024-04-18T10:57:43.674+05:30  INFO 19184 --- [           main] com.zaxxer.hikari.HikariDataSource       : HikariPool-1 - Starting...
2024-04-18T10:57:44.448+05:30  INFO 19184 --- [           main] com.zaxxer.hikari.pool.HikariPool        : HikariPool-1 - Added connection com.mysql.cj.jdbc.ConnectionImpl@4de91056
2024-04-18T10:57:44.451+05:30  INFO 19184 --- [           main] com.zaxxer.hikari.HikariDataSource       : HikariPool-1 - Start completed.
2024-04-18T10:57:45.294+05:30  INFO 19184 --- [           main] o.h.b.i.BytecodeProviderInitiator        : HHH000021: Bytecode provider name : bytebuddy
2024-04-18T10:57:46.613+05:30  INFO 19184 --- [           main] o.h.e.t.j.p.i.JtaPlatformInitiator       : HHH000490: Using JtaPlatform implementation: [org.hibernate.engine.transaction.jta.platform.internal.NoJtaPlatform]
Hibernate: alter table appointments drop foreign key FKqlxfyb7rn242o0q1nfj1rscxr
Hibernate: alter table appointments drop foreign key FK8exap5wmg8kmb1g1rx3by21yt
Hibernate: alter table appointments drop foreign key FK20g4fjnwy7g8i5yt9vc1kr923
Hibernate: alter table consultants drop foreign key FKdrjwxtg9rr5kuswb6yj5f8twi
Hibernate: alter table consultants drop foreign key FK4fnv3c227tbniosx5ln1wb4ok
Hibernate: alter table patients drop foreign key FKuwca24wcd1tg6pjex8lmc0y7
Hibernate: alter table schedules drop foreign key FK9thphvp8515lee902ua63fr21
Hibernate: alter table user_role drop foreign key FKt7e7djp752sqn6w22i6ocqy6q
Hibernate: alter table user_role drop foreign key FKj345gk1bovqvfame88rcx7yyx
Hibernate: drop table if exists appointments
Hibernate: drop table if exists consultants
Hibernate: drop table if exists job_types
Hibernate: drop table if exists patients
Hibernate: drop table if exists roles
Hibernate: drop table if exists schedules
Hibernate: drop table if exists user_role
Hibernate: drop table if exists users
Hibernate: create table appointments (is_accepted bit not null, status integer not null, appointment_id bigint not null auto_increment, consultant_id bigint not null, create_date datetime(6), patient_id bigint not null, schedule_id bigint not null, primary key (appointment_id)) engine=InnoDB
Hibernate: create table consultants (is_available bit not null, consultant_id bigint not null auto_increment, jobtype_id bigint not null, user_id bigint not null, contact_number varchar(255) not null, email varchar(255) not null, first_name varchar(255) not null, last_name varchar(255) not null, remark varchar(255), primary key (consultant_id)) engine=InnoDB
Hibernate: create table job_types (status integer, jobtype_id bigint not null auto_increment, job_type varchar(255), primary key (jobtype_id)) engine=InnoDB
Hibernate: create table patients (is_active bit not null, patient_id bigint not null auto_increment, user_id bigint not null, contact_number varchar(255) not null, email varchar(255) not null, first_name varchar(255) not null, last_name varchar(255) not null, remark varchar(255), primary key (patient_id)) engine=InnoDB
Hibernate: create table roles (role_id bigint not null auto_increment, name varchar(45) not null, primary key (role_id)) engine=InnoDB
Hibernate: create table schedules (end_date date not null, end_time time(6) not null, is_booked bit not null, start_date date not null, start_time time(6) not null, consultant_id bigint not null, schedule_id bigint not null auto_increment, end varchar(255) not null, start varchar(255) not null, title varchar(255) not null, primary key (schedule_id)) engine=InnoDB
Hibernate: create table user_role (role_id bigint not null, user_id bigint not null, primary key (role_id, user_id)) engine=InnoDB
Hibernate: create table users (user_id bigint not null auto_increment, user_name varchar(45) not null, email varchar(64) not null, full_name varchar(255) not null, password varchar(255) not null, primary key (user_id)) engine=InnoDB
Hibernate: alter table consultants add constraint UK_5j6u7rwuppryp1uugk63hybuc unique (user_id)
Hibernate: alter table patients add constraint UK_9tbsl3fmey0eofbm2xj69v4qs unique (user_id)
Hibernate: alter table roles add constraint UK_ofx66keruapi6vyqpv6f2or37 unique (name)
Hibernate: alter table users add constraint UK_k8d0f2n7n88w1a16yhua64onx unique (user_name)
Hibernate: alter table users add constraint UK_6dotkott2kjsp8vw4d0m25fb7 unique (email)
Hibernate: alter table appointments add constraint FKqlxfyb7rn242o0q1nfj1rscxr foreign key (consultant_id) references consultants (consultant_id)
Hibernate: alter table appointments add constraint FK8exap5wmg8kmb1g1rx3by21yt foreign key (patient_id) references patients (patient_id)
Hibernate: alter table appointments add constraint FK20g4fjnwy7g8i5yt9vc1kr923 foreign key (schedule_id) references schedules (schedule_id)
Hibernate: alter table consultants add constraint FKdrjwxtg9rr5kuswb6yj5f8twi foreign key (jobtype_id) references job_types (jobtype_id)
Hibernate: alter table consultants add constraint FK4fnv3c227tbniosx5ln1wb4ok foreign key (user_id) references users (user_id)
Hibernate: alter table patients add constraint FKuwca24wcd1tg6pjex8lmc0y7 foreign key (user_id) references users (user_id)
Hibernate: alter table schedules add constraint FK9thphvp8515lee902ua63fr21 foreign key (consultant_id) references consultants (consultant_id)
Hibernate: alter table user_role add constraint FKt7e7djp752sqn6w22i6ocqy6q foreign key (role_id) references roles (role_id)
Hibernate: alter table user_role add constraint FKj345gk1bovqvfame88rcx7yyx foreign key (user_id) references users (user_id)
2024-04-18T10:57:48.868+05:30  INFO 19184 --- [           main] j.LocalContainerEntityManagerFactoryBean : Initialized JPA EntityManagerFactory for persistence unit 'default'
2024-04-18T10:57:49.856+05:30  INFO 19184 --- [           main] o.s.d.j.r.query.QueryEnhancerFactory     : Hibernate is in classpath; If applicable, HQL parser will be used.
2024-04-18T10:57:51.198+05:30  WARN 19184 --- [           main] JpaBaseConfiguration$JpaWebConfiguration : spring.jpa.open-in-view is enabled by default. Therefore, database queries may be performed during view rendering. Explicitly configure spring.jpa.open-in-view to disable this warning
2024-04-18T10:57:51.752+05:30  INFO 19184 --- [           main] o.s.s.web.DefaultSecurityFilterChain     : Will secure any request with [org.springframework.security.web.session.DisableEncodeUrlFilter@400cb9ef, org.springframework.security.web.context.request.async.WebAsyncManagerIntegrationFilter@1405dd10, org.springframework.security.web.context.SecurityContextHolderFilter@1160c54b, org.springframework.security.web.header.HeaderWriterFilter@f341e3c, org.springframework.web.filter.CorsFilter@30e29c0c, org.springframework.security.web.authentication.logout.LogoutFilter@72cb5d7d, com.helios.api.filter.JwtAuthFilter@5eadc347, org.springframework.security.web.savedrequest.RequestCacheAwareFilter@5034e0c6, org.springframework.security.web.servletapi.SecurityContextHolderAwareRequestFilter@b88d294, org.springframework.security.web.authentication.AnonymousAuthenticationFilter@1dc9aba0, org.springframework.security.web.session.SessionManagementFilter@6999dca2, org.springframework.security.web.access.ExceptionTranslationFilter@2c51ff83, org.springframework.security.web.access.intercept.AuthorizationFilter@4e1349cf]
2024-04-18T10:57:52.356+05:30  INFO 19184 --- [           main] c.helios.api.HeliosApiApplicationTests   : Started HeliosApiApplicationTests in 12.064 seconds (process running for 14.616)
Hibernate: insert into job_types (job_type,status) values (?,?)
Hibernate: insert into job_types (job_type,status) values (?,?)
Hibernate: insert into job_types (job_type,status) values (?,?)
Hibernate: insert into job_types (job_type,status) values (?,?)
Hibernate: insert into job_types (job_type,status) values (?,?)
Hibernate: insert into roles (name) values (?)
Hibernate: insert into roles (name) values (?)
Hibernate: insert into roles (name) values (?)
Hibernate: insert into roles (name) values (?)
Hibernate: insert into users (email,full_name,password,user_name) values (?,?,?,?)
Hibernate: select u1_0.user_id,u1_0.email,u1_0.full_name,u1_0.password,r1_0.user_id,r1_1.role_id,r1_1.name,u1_0.user_name from users u1_0 left join (user_role r1_0 join roles r1_1 on r1_1.role_id=r1_0.role_id) on u1_0.user_id=r1_0.user_id where u1_0.user_id=?
Hibernate: select r1_0.role_id,r1_0.name from roles r1_0 where r1_0.role_id=?
Hibernate: select u1_0.role_id,u1_1.user_id,u1_1.email,u1_1.full_name,u1_1.password,u1_1.user_name from user_role u1_0 join users u1_1 on u1_1.user_id=u1_0.user_id where u1_0.role_id=?
Hibernate: insert into user_role (user_id,role_id) values (?,?)
]]></system-out>
  </testcase>
  <testcase name="testSingletonBean" classname="com.helios.api.HeliosApiApplicationTests" time="0.018"/>
</testsuite>